<?xml version="1.0" encoding="UTF-8"?>
<!-- Generated by org.testng.reporters.JUnitReportReporter -->
<testsuite hostname="LAPTOP-SGA70T2Q" failures="0" tests="2" name="test.com.GradeTest" time="0.008" errors="0" timestamp="29 Aug 2023 00:42:46 GMT">
  <testcase classname="test.com.GradeTest" name="testGradeFail" time="0.001"/>
  <testcase classname="test.com.GradeTest" name="testGrade" time="0.007"/>
</testsuite> <!-- test.com.GradeTest -->
